33416343950495
33384687473086
33415127075899
33452260759261
33405436469407
33413135095128
33381194574008
33388019944139
33385491584766
33395691591396
33413526630534
33435654338058
33416277728664
33417929797561
33437052477914
33365584300813
33367424980654
33393440102711
33391283666878
33421842144928
33441850223448
33411076822343
33423542293968
33391938719693
33415925272716
33441764338882
33412510386631
33405584415679
33409799181789
33395741103934
33433217109833
33399278888244
33379302248196
33404133930509
33390764356234
33413666679019
33411079418770
33414883769801
33396920870154
33443476206402
33402769031677
33390779530935
33383282428722
33394429752608
33408174343565
33393843288518
33361904959980
33395109130882
33395482428170
33400450859996
33409655599413
33414107994994
33411660176908
33364778990854
33437622116879
33422599758779
33410973361501
33436259855895
33413473906563
33403576421104
33366325661769
33423182223283
33397397158620
33387826128550
33394661498561
33412577444623
33371917550446
33422987341628
33422764593847
33403087146883
33391844659857
33386170989246
33451027406510
33423144397876
33410127262427
33416541180017
33391838048734
33419517762837
33380994349171
33388999163164
33382699469172
33427287865954
33399171174250
33426726253252
33380406835907
33410217299386
33443621552613
33381095298492
33385269092040
33441095331120
33403519537882
33388604992144
33381727794899
33419850726910
33377115089307
33382517443326
33425970742999
33398815167283
33404240086722
33396117276851
33411459479485
33386895692088
33411198455476
33421373355991
33388440835332
33419959278837
33409345263351
33416938229530
33445782267728
33460189430714
33443694856678
33407759162671
33427932611047
33404299550724
33400026888962
33424183764046
33392874877981
33387242897037
33401131574311
33416275563862
33391397945490
33414584382195
33391234829809
33418419885904
33384964611822
33411301159369
33404150914821
33389770997286
33450847666729
33401464501038
33443936414150
33426014565063
33454135093558
33415376078674
33418014916405
33436198576750
33363019123277
33379247723283
33409195475277
33454710726991
33398658946259
33410567853296
33394431264594
33383656648704
33440880335038
33461120662363
33405150851907
33449439788307
33408494976235
33433971570030
33396155669126
33415473254198
33371048866812
33419845559058
33436417861789
33420867858490
33378941674528
33413667171905
33407793669770
33407206549035
33381820401428
33401096617662
33423270529554
33394676300580
33412048780054
33382844389032
33409601425956
33389661330200
33382324839449
33397139628694
33417424839746
33450597617210
33383715908099
33380162758481
33408826306439
33405113696158
33412489359206
33381094315806
33373375172591
33446001711231
33402858179650
33415416870329
33413946642082
33438685666389
33440134218623
33373233643821
33381676964061
33436825789161
33424013217612
33410610697107
33413068532491
33400048810697
33400063022368
33390060697344
33411057571658
33377463186719
33439957167752
33410752014900
33399847035136
33391482369764
33368613825794
33446342310129
33390581993426
33422317890190
33417359987733
33409466855643
33394817463103
33435022125898
33396812877157
33456780968251
33425614376346
33383989873671
33381715640848
33410676436849
33451522796983
33376962298390
33398748617300
33411600621832
33414452877405
33427262490896
33407535642297
33411659203274
33421100450985
33410736842389
33390203384586
33421770184578
33421687272412
33396335259236
33410416464317
33420407617747
33397906925187
33421480665633
33372460974818
33417831746936
33405112046821
33405916036621
33438394279014
33370607742096
33416826951283
33448536754647
33425640921670
33394130261121
33370290921779
33412161855636
33394197302543
33384443305700
33436015575953
33379457072831
33411372927333
33418979170764
33447352513733
33422950114032
33390180208893
33418408019502
33425284079876
33387983775246
33407991523411
33400544043239
33440309014710
33451948675536
33409492334395
33420100451127
33447327678957
33414701491598
33437992153360
33420769800369
33430961255744
33443005305252
33424000800591
33397952162738
33438659819208
33391201419916
33394443933793
33431104637199
33433580152601
33419743568104
33423614087009
33421195101955
33393956783188
33402902081829
33396112613233
33395482054671
33419448467036
33402330927340
33448798538662
33409897270254
33421955884703
33426514911870
33412992970995
33424821997135
33434834549781
33403046670512
33412079072294
33415740306666
33421902824776
33397414771237
33413927673483
33422445573386
33418158808733
33419591944408
33416445045634
33418690622002
33423491779250
33417587124274
33455752120871
33396193211135
33452472552383
33438331453803
33415631206706
33450023094202
33417591367113
33380731939949
33416289313122
33396635093202
33382751008363
33392030100474
33423041426585
33417308537516
33447260757441
33396659739229
33374744843553
33395126392103
33451166601501
33444738043703
33442138341772
33454743065844
33369996069164
33406998237520
33440903691672
33412711941854
33380266482482
33412410169123
33416653095902
33379527483676
33398106589713
33401693950410
33409684695343
33397708755015
33374020261727
33395377406926
33453980562428
33411147353978
33408679746036
33399657689408
33448176728009
33406147246649
33436305324466
33437871752698
33367704137632
33426179267979
33450438115720
33394335127467
33407074932803
33405468370956
33421972772090
33415581174911
33403177915129
33400645678968
33387260829033
33438146731242
33398065828330
33395592262124
33437398478686
33392157521661
33391747649850
33436642821672
33413374914188
33401004299119
33446417100059
33373305424188
33446239467912
33398119042625
33416192324335
33411729032696
33417020235121
33428476188956
33404562719843
33410544314126
33413937356419
33398348748510
33426277083779
33410190934814
33435119553364
33453917322633
33415855193715
33435211237420
33401740217090
33406384519781
33381658031995
33388485922575
33415159709316
33387346902116
33461258757666
33390832191804
33430707925819
33409629583920
33411786961303
33409373155004
33458098795545
33405669425467
33398700887023
33387317460464
33403216040444
33371667096755
33373983437334
33397428053968
33431365240250
33397066065088
33428898829537
33407808908395
33397187905833
33425727814767
33414633975697
33386807523617
33367415487844
33453710366967
33432670449230
33408939290688
33415334339145
33390616205747
33399820634787
33391890413957
33414467082952
33416399272267
33421114316317
33400168624806
33393934112757
33425815701798
33426681333029
33402525576238
33378730521462
33423149248984
33429170050091
33416496715251
33410863293450
33411127657723
33411199820850
33374283427080
33426179731121
33418225271582
33372376425785
33422963551100
33411368468969
33413065005679
33428903054279
33434980257422
33365220775107
33388325228009
33423869663584
33425913677851
33418946395648
33412676182781
33420141866944
33433612782378
33422096413684
33370017498192
33408748453998
33409259150469
33413824324183
33415363647322
33404322250135
33433362196734
33417871170269
33368622031663
33406782634032
33388861771483
33428516044591
33421158328554
33379660797250
33415171049766
33368558354232
33420991939169
33388502903805
33445808733138
33431710734967
33436373715022
33377557718000
33417614779061
33431943312233
33419293472044
33387958750548
33383348971430
33406458445584
33431289136242
33434538285482
33409024751029
33400827021612
33410439267968
33397267400702
33408181534817
33409262279807
33373618312444
33404880809642
33422994342818
33432276589859
33396737161341
33386829523034
33397946650482
33410032036237
33458373540520
33425552201709
33408004071089
33444997360414
33388087463244
33393078716150
33385483306610
33398725578963
33414316546273
33410968569289
33383415768960
33412907626563
33417701897569
33375715379299
33404722308591
33418022603939
33406331523036
33401937036259
33411675902539
33390124559891
33429676519098
33385432836665
33422780186444
33414463145682
33424495573436
33412215698051
33454270814245
33411666414026
33450999147892
33393628446310
33411887449593
33406548318759
33397549757362
33408025309579
33380485061847
33400726252722
33429031464941
33368704310816
33389958220395
33382282226718
33377376337877
33453226144366
33385945010097
33441352225805
33420716712911
33410118723044
33381439658782
33400149548928
33399669613053
33411504876721
33422768697513
33389796315230
33403877215436
33422587937057
33419503525259
33435999094438
33431345784994
33372979099226
33425322989960
33421836240735
33394850527588
33376020313010
33422406428883
33443085147891
33372297473390
33400590048235
33420480763580
33414118006949
33397606148887
33428196849628
33417401803835
33411942344261
33429500890403
33407720626763
33420907216119
33415010678255
33421786639631
33411834321806
33437463727537
33417517495139
33390365939621
33411282227289
33451985515874
33410483134876
33420958248620
33439250813690
33374399667187
33379023615346
33414799332563
33396199516409
33411231960140
33418772460840
33412847221920
33414479584456
33389983430954
33435414737950
33416458227904
33421612713771
33424259332489
33438220488616
33428167649727
33377377192312
33383321836726
33418839846789
33394827934172
33381526392951
33411831394554
33424247141876
33416904717143
33432887061654
33380582235075
33380918083610
33422657714330
33397078189577
33437019854862
33411223026940
33402929960420
33432594686716
33442552082497
33415239262169
33428323411010
33399968934512
33417820086408
33420556401251
33389027895952
33413678104714
33415693373020
33448442781691
33413076917820
33401618634094
33399738838793
33437279311355
33412820511362
33416763133794
33374513738246
33424407770096
33385984173273
33418374967216
33421271940064
33415184483681
33378115118325
33380993327172
33421924894722
33382301918720
33375323828410
33409269274463
33444312708321
33390889846170
33385142843480
33402149724793
33444283727692
33435324165679
33407579460960
33415765419440
33399226400344
33378014052113
33422310947514
33413501601321
33416690437055
33396717172032
33424282978266
33395630935699
33381919769288
33404654627631
33412634324033
33394800357076
33444561317234
33412538035763
33374186695529
33417469241285
33399016911737
33409991722644
33384670956125
33387033194076
33447695963258
33371703866173
33363188026467
33377535373364
33458031964403
33431803732170
33399899217000
33397770316380
33416829156482
33427022162812
33403827150409
33409831634601
33383452325600
33376570194269
33440755389749
33402084493286
33412593771806
33410651258384
33395963173626
33409915935576
33397072900599
33362496985093
33420154310951
33461061184042
33400471111364
33436903558017
33396723714207
33416413639976
33431753887377
33424889425024
33394542992425
33444229944505
33429789809691
33417571565921
33407723509101
33388272465044
33386991462129
33369499184735
33419461888732
33408517543939
33405954321975
33376345814557
33449060091632
33410222761014
33370240379008
33421134615316
33387717794024
33407871276898
33440669476051
33428376411651
33409033533624
33425665977944
33390966508508
33393986737447
33410314244569
33418392099367
33401373541883
33406408070200
33394910802207
33423829311038
33384171430753
33395529746011
33434475913423
33404751189100
33453166103994
33419033753619
33432951405562
33412786275084
33412037107053
33376623216216
33419574213777
33425819238922
33413776103023
33419308884772
33384413310069
33400725241708
33427042674803
33375940160113
33380515706252
33443902471256
33428910536343
33402732338817
33418661097894
33455979777705
33445294322562
33431311344044
33368485750667
33425655011681
33416165885661
33371864685407
33406206719341
33386682732178
33414317492759
33404989883030
33416722346235
33398514883732
33398973804594
33447051919191
33453048138735
33401678100986
33419463856313
33411666775629
33391826593106
33410042615636
33397877218569
33417332247379
33391868774344
33443687670737
33409313684187
33433189895502
33413603266808
33423584031011
33420976748826
33373793652699
33421344841464
33412004665055
33398532405539
33404382939489
33414948716266
33412514223095
33419538105515
33370639464164
33396687640905
33381232697356
33406089847578
33395464894975
33453138541099
33406578871610
33383730908352
33452028046689
33411217647513
33447881392446
33405127505243
33400017886579
33404981931579
33412417439456
33430364689695
33406274262533
33389993543869
33412482346503
33393553468699
33398622133919
33440576378843
33400911487248
33430865491790
33410014544745
33441476617865
33436591060428
33435386049395
33416887986695
33402735448199
33425953024927
33405444524083
33366796106710
33393399502672
33397304839062
33385104951996
33420165178933
33409257584094
33411414734827
33387549552027
33436876917775
33408829826761
33368222351912
33412673344276
33403641077818
33420549973977
33369269216777
33440370663101
33396859880644
33392987782157
33429202379487
33411639486444
33380108623851
33411565176077
33426709563665
33374371833674
33412782013366
33388563065735
33427542857634
33428218605608
33404333624161
33425871529958
33412327416271
33367581193202
33417976025451
33388522198165
33392796611359
33399296403340
33412938211517
33413088665745
33460912913981
33382401220038
33411628027272
33400068037040
33407794188987
33416826568958
33413040456787
33438925948243
33407578543497
33405684091004
33406120700438
33396384882560
33446359117203
33438811998732
33403134847346
33402237266531
33401634072287
33416659368712
33433931073979
33404161031965
33424509002408
33403505069367
33416692843487
33430870594451
33412398408532
33371533693689
33427762977460
33394616164590
33403506884292
33451786283453
33409763822597
33374088362849
33393979747625
33399781656355
33412914441966
33408556022273
33428413893304
33379364194392
33392338753792
33391056036127
33411547829140
33391146630622
33404333505585
33444565953746
33395640123998
33405612354566
33427824850477
33398920105147
33399159698676
33394027746400
33401960337205
33410616280266
33433828133608
33402257243230
33412054127771
33417259297815
33434966697941
33423069258026
33384146981925
33438063137412
33411916477939
33406582183041
33400131126878
33383169491007
33370366518824
33441768726557
33370298165672
33384645278159
33415718291509
33374396005154
33387118375570
33434146528429
33381198193826
33421848608078
33432384563301
33404353590325
33440736818836
33418036464163
33451083474095
33379156572633
33368173167222
33406550697615
33390469208113
33395216277757
33416454837380
33442821886614
33409702343034
33418655205524
33403512707406
33382005818125
33390754191325
33410550005563
33444005118528
33409784916285
33437904691453
33438632731299
33407913279020
33383729777546
33402121257367
33415653129085
33385409103532
33426831799106
33410040144686
33403435971970
33399873016447
33401818377882
33427689588394
33404747239872
33377752396781
33413806658189
33424445667176
33398961153523
33412153001437
33372990087411
33426614268785
33392235525962
33429034258851
33397204653012
33378596795740
33441678459256
33417985441823
33377326334655
33404300814367
33429882212852
33367319505710
33445029333193
33409260684043
33404516975036
33379487155687
33380767250551
33412603833243
33425483553393
33389670059050
33390709049001
33429358209322
33422592194313
