0000000000
0000000000
0000000000
0000000000
0000000000
0000000000
0000000000
0000000000
0000000000
0000000000
0000000000
0000000000
0000000000
0000000000
0000000000
0000000000
0000000000
0000000000
0000000000
0000000000
0000000000
0000000000
0000000000
0000000000
0000000000
0000000000
0000000000
0000000000
0000000000
0000000000
0000000000
0000000002
0000000003
0000000002
0000000001
0000000003
0000000001
0000000002
0000000003
0000000001
0000000003
0000000001
0000000001
0000000001
0000000002
0000000001
0000000001
0000000003
0000000002
0000000002
0000000002
0000000001
0000000002
0000000003
0000000003
0000000001
0000000001
0000000002
0000000003
0000000002
0000000003
0000000002
0000000003
0000000001
0000000003
0000000002
0000000003
1000000002
2000000002
2000000002
3000000003
2000000001
2000000013
3000000033
1000000022
2000000021
2000000031
3000200022
1000100013
2000300022
2000300013
1000200032
1000200112
2000300311
2000300233
2000100213
3000200322
3000200121
3030100213
1011200321
3111200113
2333200111
3231300333
3312300122
1233200213
1133200313
2121210311
3313320123
1223110132
1322110311
